This is LuaHBTeX, Version 1.13.0 (TeX Live 2021)  (format=lualatex 2021.7.16)  28 JUL 2021 11:34
 restricted system commands enabled.
**main.tex
(./main.tex
LaTeX2e <2020-10-01> patch level 4
Lua module: luaotfload 2021-01-08 3.17 Lua based OpenType font support
Lua module: lualibs 2020-12-30 2.73 ConTeXt Lua standard libraries.
Lua module: lualibs-extended 2020-12-30 2.73 ConTeXt Lua libraries -- extended c
ollection.
luaotfload | conf : Root cache directory is "/Users/davidjohnston/Library/texliv
e/2021/texmf-var/luatex-cache/generic/names".
luaotfload | init : Loading fontloader "fontloader-2021-01-07.lua" from kpse-res
olved path "/usr/local/texlive/2021/texmf-dist/tex/luatex/luaotfload/fontloader-
2021-01-07.lua".
Lua-only attribute luaotfload@noligature = 1
Lua-only attribute luaotfload@syllabe = 2
luaotfload | init : Context OpenType loader version 0x1.8e76c8b439581p+1
Inserting `luaotfload.node_processor' at position 1 in `pre_linebreak_filter'.
Inserting `luaotfload.node_processor' at position 1 in `hpack_filter'.
Inserting `luaotfload.glyph_stream' at position 1 in `glyph_stream_provider'.
Inserting `luaotfload.define_font' at position 1 in `define_font'.
Lua-only attribute luaotfload_color_attribute = 3
luaotfload | conf : Root cache directory is "/Users/davidjohnston/Library/texliv
e/2021/texmf-var/luatex-cache/generic/names".
Inserting `luaotfload.harf.strip_prefix' at position 1 in `find_opentype_file'.
Inserting `luaotfload.harf.strip_prefix' at position 1 in `find_truetype_file'.
Inserting `luaotfload.harf.finalize_vlist' at position 1 in `post_linebreak_filt
er'.
Inserting `luaotfload.harf.finalize_hlist' at position 2 in `hpack_filter'.
Inserting `luaotfload.cleanup_files' at position 1 in `wrapup_run'.
Inserting `luaotfload.harf.finalize_unicode' at position 1 in `finish_pdffile'.
Inserting `luaotfload.glyphinfo' at position 1 in `glyph_info'.
Inserting `luaotfload.aux.set_sscale_dimens' at position 1 in `luaotfload.patch_
font'.
Inserting `luaotfload.aux.set_font_index' at position 2 in `luaotfload.patch_fon
t'.
Inserting `luaotfload.aux.patch_cambria_domh' at position 3 in `luaotfload.patch
_font'.
Inserting `luaotfload.aux.fixup_fontdata' at position 1 in `luaotfload.patch_fon
t_unsafe'.
Inserting `luaotfload.aux.set_capheight' at position 4 in `luaotfload.patch_font
'.
Inserting `luaotfload.aux.set_xheight' at position 5 in `luaotfload.patch_font'.
Inserting `luaotfload.rewrite_fontname' at position 6 in `luaotfload.patch_font'
. L3 programming layer <2021-02-18>
(/usr/local/texlive/2021/texmf-dist/tex/latex/base/book.cls
Document Class: book 2020/04/10 v1.4m Standard LaTeX document class
(/usr/local/texlive/2021/texmf-dist/tex/latex/base/bk10.clo
File: bk10.clo 2020/04/10 v1.4m Standard LaTeX file (size option)
luaotfload | db : Font names database loaded from /Users/davidjohnston/Library/t
exlive/2021/texmf-var/luatex-cache/generic/names/luaotfload-names.luc)
\c@part=\count175
\c@chapter=\count176
\c@section=\count177
\c@subsection=\count178
\c@subsubsection=\count179
\c@paragraph=\count180
\c@subparagraph=\count181
\c@figure=\count182
\c@table=\count183
\abovecaptionskip=\skip47
\belowcaptionskip=\skip48
\bibindent=\dimen138
)
(/usr/local/texlive/2021/texmf-dist/tex/latex/natbib/natbib.sty
Package: natbib 2010/09/13 8.31b (PWD, AO)
\bibhang=\skip49
\bibsep=\skip50
LaTeX Info: Redefining \cite on input line 694.
\c@NAT@ctr=\count184
)
(/usr/local/texlive/2021/texmf-dist/tex/latex/base/fontenc.sty
Package: fontenc 2020/08/10 v2.0s Standard LaTeX package
LaTeX Font Info:    Trying to load font information for T1+lmr on input line 11
2.

(/usr/local/texlive/2021/texmf-dist/tex/latex/lm/t1lmr.fd
File: t1lmr.fd 2015/05/01 v1.6.1 Font defs for Latin Modern
))
(/usr/local/texlive/2021/texmf-dist/tex/latex/hyperref/hyperref.sty
Package: hyperref 2021-02-27 v7.00k Hypertext links for LaTeX

(/usr/local/texlive/2021/texmf-dist/tex/generic/ltxcmds/ltxcmds.sty
Package: ltxcmds 2020-05-10 v1.25 LaTeX kernel commands for general use (HO)
)
(/usr/local/texlive/2021/texmf-dist/tex/generic/iftex/iftex.sty
Package: iftex 2020/03/06 v1.0d TeX engine tests
)
(/usr/local/texlive/2021/texmf-dist/tex/generic/pdftexcmds/pdftexcmds.sty
Package: pdftexcmds 2020-06-27 v0.33 Utility functions of pdfTeX for LuaTeX (HO
)

(/usr/local/texlive/2021/texmf-dist/tex/generic/infwarerr/infwarerr.sty
Package: infwarerr 2019/12/03 v1.5 Providing info/warning/error messages (HO)
)
Package pdftexcmds Info: \pdf@primitive is available.
Package pdftexcmds Info: \pdf@ifprimitive is available.
Package pdftexcmds Info: \pdfdraftmode found.
\pdftexcmds@toks=\toks15
)
(/usr/local/texlive/2021/texmf-dist/tex/latex/graphics/keyval.sty
Package: keyval 2014/10/28 v1.15 key=value parser (DPC)
\KV@toks@=\toks16
)
(/usr/local/texlive/2021/texmf-dist/tex/generic/kvsetkeys/kvsetkeys.sty
Package: kvsetkeys 2019/12/15 v1.18 Key value parser (HO)
)
(/usr/local/texlive/2021/texmf-dist/tex/generic/kvdefinekeys/kvdefinekeys.sty
Package: kvdefinekeys 2019-12-19 v1.6 Define keys (HO)
)
(/usr/local/texlive/2021/texmf-dist/tex/generic/pdfescape/pdfescape.sty
Package: pdfescape 2019/12/09 v1.15 Implements pdfTeX's escape features (HO)
)
(/usr/local/texlive/2021/texmf-dist/tex/latex/hycolor/hycolor.sty
Package: hycolor 2020-01-27 v1.10 Color options for hyperref/bookmark (HO)
)
(/usr/local/texlive/2021/texmf-dist/tex/latex/letltxmacro/letltxmacro.sty
Package: letltxmacro 2019/12/03 v1.6 Let assignment for LaTeX macros (HO)
)
(/usr/local/texlive/2021/texmf-dist/tex/latex/auxhook/auxhook.sty
Package: auxhook 2019-12-17 v1.6 Hooks for auxiliary files (HO)
)
(/usr/local/texlive/2021/texmf-dist/tex/latex/kvoptions/kvoptions.sty
Package: kvoptions 2020-10-07 v3.14 Key value format for package options (HO)
)
\@linkdim=\dimen139
\Hy@linkcounter=\count185
\Hy@pagecounter=\count186

(/usr/local/texlive/2021/texmf-dist/tex/latex/hyperref/pd1enc.def
File: pd1enc.def 2021-02-27 v7.00k Hyperref: PDFDocEncoding definition (HO)
)
(/usr/local/texlive/2021/texmf-dist/tex/latex/hyperref/hyperref-langpatches.def
File: hyperref-langpatches.def 2021-02-27 v7.00k Hyperref: patches for babel la
nguages
) (/usr/local/texlive/2021/texmf-dist/tex/generic/intcalc/intcalc.sty
Package: intcalc 2019/12/15 v1.3 Expandable calculations with integers (HO)
)
(/usr/local/texlive/2021/texmf-dist/tex/generic/etexcmds/etexcmds.sty
Package: etexcmds 2019/12/15 v1.7 Avoid name clashes with e-TeX commands (HO)
)
\Hy@SavedSpaceFactor=\count187

(/usr/local/texlive/2021/texmf-dist/tex/latex/hyperref/puenc.def
File: puenc.def 2021-02-27 v7.00k Hyperref: PDF Unicode definition (HO)
)
Package hyperref Info: Hyper figures OFF on input line 4192.
Package hyperref Info: Link nesting OFF on input line 4197.
Package hyperref Info: Hyper index ON on input line 4200.
Package hyperref Info: Plain pages OFF on input line 4207.
Package hyperref Info: Backreferencing OFF on input line 4212.
Package hyperref Info: Implicit mode ON; LaTeX internals redefined.
Package hyperref Info: Bookmarks ON on input line 4445.
\c@Hy@tempcnt=\count188

(/usr/local/texlive/2021/texmf-dist/tex/latex/url/url.sty
\Urlmuskip=\muskip16
Package: url 2013/09/16  ver 3.4  Verb mode for urls, etc.
)
LaTeX Info: Redefining \url on input line 4804.
\XeTeXLinkMargin=\dimen140

(/usr/local/texlive/2021/texmf-dist/tex/generic/bitset/bitset.sty
Package: bitset 2019/12/09 v1.3 Handle bit-vector datatype (HO)

(/usr/local/texlive/2021/texmf-dist/tex/generic/bigintcalc/bigintcalc.sty
Package: bigintcalc 2019/12/15 v1.5 Expandable calculations on big integers (HO
)
))
\Fld@menulength=\count189
\Field@Width=\dimen141
\Fld@charsize=\dimen142
Package hyperref Info: Hyper figures OFF on input line 6075.
Package hyperref Info: Link nesting OFF on input line 6080.
Package hyperref Info: Hyper index ON on input line 6083.
Package hyperref Info: backreferencing OFF on input line 6090.
Package hyperref Info: Link coloring OFF on input line 6095.
Package hyperref Info: Link coloring with OCG OFF on input line 6100.
Package hyperref Info: PDF/A mode OFF on input line 6105.
LaTeX Info: Redefining \ref on input line 6145.
LaTeX Info: Redefining \pageref on input line 6149.

(/usr/local/texlive/2021/texmf-dist/tex/latex/base/atbegshi-ltx.sty
Package: atbegshi-ltx 2020/08/17 v1.0a Emulation of the original atbegshi packa
ge
with kernel methods
)
\Hy@abspage=\count190
\c@Item=\count191
\c@Hfootnote=\count192
)
Package hyperref Info: Driver (autodetected): hluatex.

(/usr/local/texlive/2021/texmf-dist/tex/latex/hyperref/hluatex.def
File: hluatex.def 2021-02-27 v7.00k Hyperref driver for luaTeX

(/usr/local/texlive/2021/texmf-dist/tex/generic/stringenc/stringenc.sty
Package: stringenc 2019/11/29 v1.12 Convert strings between diff. encodings (HO
)
)
(/usr/local/texlive/2021/texmf-dist/tex/latex/base/atveryend-ltx.sty
Package: atveryend-ltx 2020/08/19 v1.0a Emulation of the original atvery packag
e
with kernel methods
)
\Fld@listcount=\count193
\c@bookmark@seq@number=\count194

(/usr/local/texlive/2021/texmf-dist/tex/latex/rerunfilecheck/rerunfilecheck.sty
Package: rerunfilecheck 2019/12/05 v1.9 Rerun checks for auxiliary files (HO)

(/usr/local/texlive/2021/texmf-dist/tex/generic/uniquecounter/uniquecounter.sty
Package: uniquecounter 2019/12/15 v1.4 Provide unlimited unique counter (HO)
)
Package uniquecounter Info: New unique counter `rerunfilecheck' on input line 2
86.
)
\Hy@SectionHShift=\skip51
) (/usr/local/texlive/2021/texmf-dist/tex/latex/booktabs/booktabs.sty
Package: booktabs 2020/01/12 v1.61803398 Publication quality tables
\heavyrulewidth=\dimen143
\lightrulewidth=\dimen144
\cmidrulewidth=\dimen145
\belowrulesep=\dimen146
\belowbottomsep=\dimen147
\aboverulesep=\dimen148
\abovetopsep=\dimen149
\cmidrulesep=\dimen150
\cmidrulekern=\dimen151
\defaultaddspace=\dimen152
\@cmidla=\count195
\@cmidlb=\count196
\@aboverulesep=\dimen153
\@belowrulesep=\dimen154
\@thisruleclass=\count197
\@lastruleclass=\count198
\@thisrulewidth=\dimen155
)
(/usr/local/texlive/2021/texmf-dist/tex/latex/amsfonts/amsfonts.sty
Package: amsfonts 2013/01/14 v3.01 Basic AMSFonts support
\@emptytoks=\toks17
\symAMSa=\mathgroup4
\symAMSb=\mathgroup5
LaTeX Font Info:    Redeclaring math symbol \hbar on input line 98.
LaTeX Font Info:    Overwriting math alphabet `\mathfrak' in version `bold'
(Font)                  U/euf/m/n --> U/euf/b/n on input line 106.
)
(/usr/local/texlive/2021/texmf-dist/tex/latex/units/nicefrac.sty
Package: nicefrac 1998/08/04 v0.9b Nice fractions
\L@UnitsRaiseDisplaystyle=\skip52
\L@UnitsRaiseTextstyle=\skip53
\L@UnitsRaiseScriptstyle=\skip54

(/usr/local/texlive/2021/texmf-dist/tex/latex/base/ifthen.sty
Package: ifthen 2014/09/29 v1.1c Standard LaTeX ifthen package (DPC)
))
(/usr/local/texlive/2021/texmf-dist/tex/latex/microtype/microtype.sty
Package: microtype 2021/03/14 v2.8c Micro-typographical refinements (RS)
\MT@toks=\toks18
\MT@count=\count199
LaTeX Info: Redefining \textls on input line 790.
\MT@outer@kern=\dimen156
LaTeX Info: Redefining \textmicrotypecontext on input line 1374.
\MT@listname@count=\count266

(/usr/local/texlive/2021/texmf-dist/tex/latex/microtype/microtype-luatex.def
File: microtype-luatex.def 2021/03/14 v2.8c Definitions specific to luatex (RS)

Module microtype Info: overwriting function `keepligature' on input line 62
LaTeX Info: Redefining \lsstyle on input line 710.
LaTeX Info: Redefining \lslig on input line 710.
\MT@outer@space=\skip55
)
Package microtype Info: Loading configuration file microtype.cfg.

(/usr/local/texlive/2021/texmf-dist/tex/latex/microtype/microtype.cfg
File: microtype.cfg 2021/03/14 v2.8c microtype main configuration file (RS)
))
(/usr/local/texlive/2021/texmf-dist/tex/latex/amsfonts/euscript.sty
Package: euscript 2009/06/22 v3.00 Euler Script fonts
LaTeX Font Info:    Overwriting math alphabet `\EuScript' in version `bold'
(Font)                  U/eus/m/n --> U/eus/b/n on input line 33.
)
(/usr/local/texlive/2021/texmf-dist/tex/latex/graphics/graphicx.sty
Package: graphicx 2020/09/09 v1.2b Enhanced LaTeX Graphics (DPC,SPQR)

(/usr/local/texlive/2021/texmf-dist/tex/latex/graphics/graphics.sty
Package: graphics 2020/08/30 v1.4c Standard LaTeX Graphics (DPC,SPQR)

(/usr/local/texlive/2021/texmf-dist/tex/latex/graphics/trig.sty
Package: trig 2016/01/03 v1.10 sin cos tan (DPC)
)
(/usr/local/texlive/2021/texmf-dist/tex/latex/graphics-cfg/graphics.cfg
File: graphics.cfg 2016/06/04 v1.11 sample graphics configuration
)
Package graphics Info: Driver file: luatex.def on input line 105.

(/usr/local/texlive/2021/texmf-dist/tex/latex/graphics-def/luatex.def
File: luatex.def 2020/10/05 v1.2a Graphics/color driver for luatex
))
\Gin@req@height=\dimen157
\Gin@req@width=\dimen158
)
(/usr/local/texlive/2021/texmf-dist/tex/latex/pgf/frontendlayer/tikz.sty
(/usr/local/texlive/2021/texmf-dist/tex/latex/pgf/basiclayer/pgf.sty
(/usr/local/texlive/2021/texmf-dist/tex/latex/pgf/utilities/pgfrcs.sty
(/usr/local/texlive/2021/texmf-dist/tex/generic/pgf/utilities/pgfutil-common.te
x
\pgfutil@everybye=\toks19
\pgfutil@tempdima=\dimen159
\pgfutil@tempdimb=\dimen160

(/usr/local/texlive/2021/texmf-dist/tex/generic/pgf/utilities/pgfutil-common-li
sts.tex))
(/usr/local/texlive/2021/texmf-dist/tex/generic/pgf/utilities/pgfutil-latex.def
\pgfutil@abb=\box47
) (/usr/local/texlive/2021/texmf-dist/tex/generic/pgf/utilities/pgfrcs.code.tex
(/usr/local/texlive/2021/texmf-dist/tex/generic/pgf/pgf.revision.tex)
Package: pgfrcs 2020/12/27 v3.1.8b (3.1.8b)
))
Package: pgf 2020/12/27 v3.1.8b (3.1.8b)

(/usr/local/texlive/2021/texmf-dist/tex/latex/pgf/basiclayer/pgfcore.sty
(/usr/local/texlive/2021/texmf-dist/tex/latex/pgf/systemlayer/pgfsys.sty
(/usr/local/texlive/2021/texmf-dist/tex/generic/pgf/systemlayer/pgfsys.code.tex
Package: pgfsys 2020/12/27 v3.1.8b (3.1.8b)
(/usr/local/texlive/2021/texmf-dist/tex/generic/pgf/utilities/pgfkeys.code.tex
\pgfkeys@pathtoks=\toks20
\pgfkeys@temptoks=\toks21

(/usr/local/texlive/2021/texmf-dist/tex/generic/pgf/utilities/pgfkeysfiltered.c
ode.tex
\pgfkeys@tmptoks=\toks22
))
\pgf@x=\dimen161
\pgf@y=\dimen162
\pgf@xa=\dimen163
\pgf@ya=\dimen164
\pgf@xb=\dimen165
\pgf@yb=\dimen166
\pgf@xc=\dimen167
\pgf@yc=\dimen168
\pgf@xd=\dimen169
\pgf@yd=\dimen170
\w@pgf@writea=\write3
\r@pgf@reada=\read2
\c@pgf@counta=\count267
\c@pgf@countb=\count268
\c@pgf@countc=\count269
\c@pgf@countd=\count270
\t@pgf@toka=\toks23
\t@pgf@tokb=\toks24
\t@pgf@tokc=\toks25
\pgf@sys@id@count=\count271

(/usr/local/texlive/2021/texmf-dist/tex/generic/pgf/systemlayer/pgf.cfg
File: pgf.cfg 2020/12/27 v3.1.8b (3.1.8b)
)
Driver file for pgf: pgfsys-luatex.def

(/usr/local/texlive/2021/texmf-dist/tex/generic/pgf/systemlayer/pgfsys-luatex.d
ef
File: pgfsys-luatex.def 2020/12/27 v3.1.8b (3.1.8b)

(/usr/local/texlive/2021/texmf-dist/tex/generic/pgf/systemlayer/pgfsys-common-p
df.def
File: pgfsys-common-pdf.def 2020/12/27 v3.1.8b (3.1.8b)
)))
(/usr/local/texlive/2021/texmf-dist/tex/generic/pgf/systemlayer/pgfsyssoftpath.
code.tex
File: pgfsyssoftpath.code.tex 2020/12/27 v3.1.8b (3.1.8b)
\pgfsyssoftpath@smallbuffer@items=\count272
\pgfsyssoftpath@bigbuffer@items=\count273
)
(/usr/local/texlive/2021/texmf-dist/tex/generic/pgf/systemlayer/pgfsysprotocol.
code.tex
File: pgfsysprotocol.code.tex 2020/12/27 v3.1.8b (3.1.8b)
)) (/usr/local/texlive/2021/texmf-dist/tex/latex/xcolor/xcolor.sty
Package: xcolor 2016/05/11 v2.12 LaTeX color extensions (UK)

(/usr/local/texlive/2021/texmf-dist/tex/latex/graphics-cfg/color.cfg
File: color.cfg 2016/01/02 v1.6 sample color configuration
)
Package xcolor Info: Driver file: luatex.def on input line 225.
Package xcolor Info: Model `cmy' substituted by `cmy0' on input line 1348.
Package xcolor Info: Model `hsb' substituted by `rgb' on input line 1352.
Package xcolor Info: Model `RGB' extended on input line 1364.
Package xcolor Info: Model `HTML' substituted by `rgb' on input line 1366.
Package xcolor Info: Model `Hsb' substituted by `hsb' on input line 1367.
Package xcolor Info: Model `tHsb' substituted by `hsb' on input line 1368.
Package xcolor Info: Model `HSB' substituted by `hsb' on input line 1369.
Package xcolor Info: Model `Gray' substituted by `gray' on input line 1370.
Package xcolor Info: Model `wave' substituted by `hsb' on input line 1371.
)
(/usr/local/texlive/2021/texmf-dist/tex/generic/pgf/basiclayer/pgfcore.code.tex
Package: pgfcore 2020/12/27 v3.1.8b (3.1.8b)
(/usr/local/texlive/2021/texmf-dist/tex/generic/pgf/math/pgfmath.code.tex
(/usr/local/texlive/2021/texmf-dist/tex/generic/pgf/math/pgfmathcalc.code.tex
(/usr/local/texlive/2021/texmf-dist/tex/generic/pgf/math/pgfmathutil.code.tex)
(/usr/local/texlive/2021/texmf-dist/tex/generic/pgf/math/pgfmathparser.code.tex
\pgfmath@dimen=\dimen171
\pgfmath@count=\count274
\pgfmath@box=\box48
\pgfmath@toks=\toks26
\pgfmath@stack@operand=\toks27
\pgfmath@stack@operation=\toks28
)
(/usr/local/texlive/2021/texmf-dist/tex/generic/pgf/math/pgfmathfunctions.code.
tex
(/usr/local/texlive/2021/texmf-dist/tex/generic/pgf/math/pgfmathfunctions.basic
.code.tex)
(/usr/local/texlive/2021/texmf-dist/tex/generic/pgf/math/pgfmathfunctions.trigo
nometric.code.tex)
(/usr/local/texlive/2021/texmf-dist/tex/generic/pgf/math/pgfmathfunctions.rando
m.code.tex)
(/usr/local/texlive/2021/texmf-dist/tex/generic/pgf/math/pgfmathfunctions.compa
rison.code.tex)
(/usr/local/texlive/2021/texmf-dist/tex/generic/pgf/math/pgfmathfunctions.base.
code.tex)
(/usr/local/texlive/2021/texmf-dist/tex/generic/pgf/math/pgfmathfunctions.round
.code.tex)
(/usr/local/texlive/2021/texmf-dist/tex/generic/pgf/math/pgfmathfunctions.misc.
code.tex)
(/usr/local/texlive/2021/texmf-dist/tex/generic/pgf/math/pgfmathfunctions.integ
erarithmetics.code.tex)))
(/usr/local/texlive/2021/texmf-dist/tex/generic/pgf/math/pgfmathfloat.code.tex
\c@pgfmathroundto@lastzeros=\count275
)) (/usr/local/texlive/2021/texmf-dist/tex/generic/pgf/math/pgfint.code.tex)
(/usr/local/texlive/2021/texmf-dist/tex/generic/pgf/basiclayer/pgfcorepoints.co
de.tex
File: pgfcorepoints.code.tex 2020/12/27 v3.1.8b (3.1.8b)
\pgf@picminx=\dimen172
\pgf@picmaxx=\dimen173
\pgf@picminy=\dimen174
\pgf@picmaxy=\dimen175
\pgf@pathminx=\dimen176
\pgf@pathmaxx=\dimen177
\pgf@pathminy=\dimen178
\pgf@pathmaxy=\dimen179
\pgf@xx=\dimen180
\pgf@xy=\dimen181
\pgf@yx=\dimen182
\pgf@yy=\dimen183
\pgf@zx=\dimen184
\pgf@zy=\dimen185
)
(/usr/local/texlive/2021/texmf-dist/tex/generic/pgf/basiclayer/pgfcorepathconst
ruct.code.tex
File: pgfcorepathconstruct.code.tex 2020/12/27 v3.1.8b (3.1.8b)
\pgf@path@lastx=\dimen186
\pgf@path@lasty=\dimen187
)
(/usr/local/texlive/2021/texmf-dist/tex/generic/pgf/basiclayer/pgfcorepathusage
.code.tex
File: pgfcorepathusage.code.tex 2020/12/27 v3.1.8b (3.1.8b)
\pgf@shorten@end@additional=\dimen188
\pgf@shorten@start@additional=\dimen189
)
(/usr/local/texlive/2021/texmf-dist/tex/generic/pgf/basiclayer/pgfcorescopes.co
de.tex
File: pgfcorescopes.code.tex 2020/12/27 v3.1.8b (3.1.8b)
\pgfpic=\box49
\pgf@hbox=\box50
\pgf@layerbox@main=\box51
\pgf@picture@serial@count=\count276
)
(/usr/local/texlive/2021/texmf-dist/tex/generic/pgf/basiclayer/pgfcoregraphicst
ate.code.tex
File: pgfcoregraphicstate.code.tex 2020/12/27 v3.1.8b (3.1.8b)
\pgflinewidth=\dimen190
)
(/usr/local/texlive/2021/texmf-dist/tex/generic/pgf/basiclayer/pgfcoretransform
ations.code.tex
File: pgfcoretransformations.code.tex 2020/12/27 v3.1.8b (3.1.8b)
\pgf@pt@x=\dimen191
\pgf@pt@y=\dimen192
\pgf@pt@temp=\dimen193
)
(/usr/local/texlive/2021/texmf-dist/tex/generic/pgf/basiclayer/pgfcorequick.cod
e.tex
File: pgfcorequick.code.tex 2020/12/27 v3.1.8b (3.1.8b)
)
(/usr/local/texlive/2021/texmf-dist/tex/generic/pgf/basiclayer/pgfcoreobjects.c
ode.tex
File: pgfcoreobjects.code.tex 2020/12/27 v3.1.8b (3.1.8b)
)
(/usr/local/texlive/2021/texmf-dist/tex/generic/pgf/basiclayer/pgfcorepathproce
ssing.code.tex
File: pgfcorepathprocessing.code.tex 2020/12/27 v3.1.8b (3.1.8b)
)
(/usr/local/texlive/2021/texmf-dist/tex/generic/pgf/basiclayer/pgfcorearrows.co
de.tex
File: pgfcorearrows.code.tex 2020/12/27 v3.1.8b (3.1.8b)
\pgfarrowsep=\dimen194
)
(/usr/local/texlive/2021/texmf-dist/tex/generic/pgf/basiclayer/pgfcoreshade.cod
e.tex
File: pgfcoreshade.code.tex 2020/12/27 v3.1.8b (3.1.8b)
\pgf@max=\dimen195
\pgf@sys@shading@range@num=\count277
\pgf@shadingcount=\count278
)
(/usr/local/texlive/2021/texmf-dist/tex/generic/pgf/basiclayer/pgfcoreimage.cod
e.tex
File: pgfcoreimage.code.tex 2020/12/27 v3.1.8b (3.1.8b)

(/usr/local/texlive/2021/texmf-dist/tex/generic/pgf/basiclayer/pgfcoreexternal.
code.tex
File: pgfcoreexternal.code.tex 2020/12/27 v3.1.8b (3.1.8b)
\pgfexternal@startupbox=\box52
))
(/usr/local/texlive/2021/texmf-dist/tex/generic/pgf/basiclayer/pgfcorelayers.co
de.tex
File: pgfcorelayers.code.tex 2020/12/27 v3.1.8b (3.1.8b)
)
(/usr/local/texlive/2021/texmf-dist/tex/generic/pgf/basiclayer/pgfcoretranspare
ncy.code.tex
File: pgfcoretransparency.code.tex 2020/12/27 v3.1.8b (3.1.8b)
)
(/usr/local/texlive/2021/texmf-dist/tex/generic/pgf/basiclayer/pgfcorepatterns.
code.tex
File: pgfcorepatterns.code.tex 2020/12/27 v3.1.8b (3.1.8b)
)
(/usr/local/texlive/2021/texmf-dist/tex/generic/pgf/basiclayer/pgfcorerdf.code.
tex
File: pgfcorerdf.code.tex 2020/12/27 v3.1.8b (3.1.8b)
)))
(/usr/local/texlive/2021/texmf-dist/tex/generic/pgf/modules/pgfmoduleshapes.cod
e.tex
File: pgfmoduleshapes.code.tex 2020/12/27 v3.1.8b (3.1.8b)
\pgfnodeparttextbox=\box53
)
(/usr/local/texlive/2021/texmf-dist/tex/generic/pgf/modules/pgfmoduleplot.code.
tex
File: pgfmoduleplot.code.tex 2020/12/27 v3.1.8b (3.1.8b)
)
(/usr/local/texlive/2021/texmf-dist/tex/latex/pgf/compatibility/pgfcomp-version
-0-65.sty
Package: pgfcomp-version-0-65 2020/12/27 v3.1.8b (3.1.8b)
\pgf@nodesepstart=\dimen196
\pgf@nodesepend=\dimen197
)
(/usr/local/texlive/2021/texmf-dist/tex/latex/pgf/compatibility/pgfcomp-version
-1-18.sty
Package: pgfcomp-version-1-18 2020/12/27 v3.1.8b (3.1.8b)
))
(/usr/local/texlive/2021/texmf-dist/tex/latex/pgf/utilities/pgffor.sty
(/usr/local/texlive/2021/texmf-dist/tex/latex/pgf/utilities/pgfkeys.sty
(/usr/local/texlive/2021/texmf-dist/tex/generic/pgf/utilities/pgfkeys.code.tex))
 (/usr/local/texlive/2021/texmf-dist/tex/latex/pgf/math/pgfmath.sty
(/usr/local/texlive/2021/texmf-dist/tex/generic/pgf/math/pgfmath.code.tex))
(/usr/local/texlive/2021/texmf-dist/tex/generic/pgf/utilities/pgffor.code.tex
Package: pgffor 2020/12/27 v3.1.8b (3.1.8b)

(/usr/local/texlive/2021/texmf-dist/tex/generic/pgf/math/pgfmath.code.tex)
\pgffor@iter=\dimen198
\pgffor@skip=\dimen199
\pgffor@stack=\toks29
\pgffor@toks=\toks30
))
(/usr/local/texlive/2021/texmf-dist/tex/generic/pgf/frontendlayer/tikz/tikz.cod
e.tex
Package: tikz 2020/12/27 v3.1.8b (3.1.8b)

(/usr/local/texlive/2021/texmf-dist/tex/generic/pgf/libraries/pgflibraryplothan
dlers.code.tex
File: pgflibraryplothandlers.code.tex 2020/12/27 v3.1.8b (3.1.8b)
\pgf@plot@mark@count=\count279
\pgfplotmarksize=\dimen256
)
\tikz@lastx=\dimen257
\tikz@lasty=\dimen258
\tikz@lastxsaved=\dimen259
\tikz@lastysaved=\dimen260
\tikz@lastmovetox=\dimen261
\tikz@lastmovetoy=\dimen262
\tikzleveldistance=\dimen263
\tikzsiblingdistance=\dimen264
\tikz@figbox=\box54
\tikz@figbox@bg=\box55
\tikz@tempbox=\box56
\tikz@tempbox@bg=\box57
\tikztreelevel=\count280
\tikznumberofchildren=\count281
\tikznumberofcurrentchild=\count282
\tikz@fig@count=\count283

(/usr/local/texlive/2021/texmf-dist/tex/generic/pgf/modules/pgfmodulematrix.cod
e.tex
File: pgfmodulematrix.code.tex 2020/12/27 v3.1.8b (3.1.8b)
\pgfmatrixcurrentrow=\count284
\pgfmatrixcurrentcolumn=\count285
\pgf@matrix@numberofcolumns=\count286
)
\tikz@expandcount=\count287

(/usr/local/texlive/2021/texmf-dist/tex/generic/pgf/frontendlayer/tikz/librarie
s/tikzlibrarytopaths.code.tex
File: tikzlibrarytopaths.code.tex 2020/12/27 v3.1.8b (3.1.8b)
)))
(/usr/local/texlive/2021/texmf-dist/tex/generic/pgf/frontendlayer/tikz/librarie
s/tikzlibrarypositioning.code.tex
File: tikzlibrarypositioning.code.tex 2020/12/27 v3.1.8b (3.1.8b)
)
(/usr/local/texlive/2021/texmf-dist/tex/generic/pgf/frontendlayer/tikz/librarie
s/tikzlibraryshapes.misc.code.tex
File: tikzlibraryshapes.misc.code.tex 2020/12/27 v3.1.8b (3.1.8b)

(/usr/local/texlive/2021/texmf-dist/tex/generic/pgf/libraries/shapes/pgflibrary
shapes.misc.code.tex
File: pgflibraryshapes.misc.code.tex 2020/12/27 v3.1.8b (3.1.8b)
))
(/usr/local/texlive/2021/texmf-dist/tex/generic/pgf/frontendlayer/tikz/librarie
s/tikzlibraryshapes.geometric.code.tex
File: tikzlibraryshapes.geometric.code.tex 2020/12/27 v3.1.8b (3.1.8b)

(/usr/local/texlive/2021/texmf-dist/tex/generic/pgf/libraries/shapes/pgflibrary
shapes.geometric.code.tex
File: pgflibraryshapes.geometric.code.tex 2020/12/27 v3.1.8b (3.1.8b)
))
(/usr/local/texlive/2021/texmf-dist/tex/generic/pgf/frontendlayer/tikz/librarie
s/tikzlibrarycalc.code.tex
File: tikzlibrarycalc.code.tex 2020/12/27 v3.1.8b (3.1.8b)
)
(/usr/local/texlive/2021/texmf-dist/tex/generic/pgf/libraries/pgflibraryarrows.
meta.code.tex
File: pgflibraryarrows.meta.code.tex 2020/12/27 v3.1.8b (3.1.8b)
\pgfarrowinset=\dimen265
\pgfarrowlength=\dimen266
\pgfarrowwidth=\dimen267
\pgfarrowlinewidth=\dimen268
)
(/usr/local/texlive/2021/texmf-dist/tex/generic/pgf/frontendlayer/tikz/librarie
s/tikzlibraryintersections.code.tex
(/usr/local/texlive/2021/texmf-dist/tex/generic/pgf/libraries/pgflibraryinterse
ctions.code.tex
(/usr/local/texlive/2021/texmf-dist/tex/generic/pgf/libraries/pgflibraryfpu.cod
e.tex)
\pgf@intersect@solutions=\count288
)) (/usr/local/texlive/2021/texmf-dist/tex/latex/amscls/amsthm.sty
Package: amsthm 2020/05/29 v2.20.6
\thm@style=\toks31
\thm@bodyfont=\toks32
\thm@headfont=\toks33
\thm@notefont=\toks34
\thm@headpunct=\toks35
\thm@preskip=\skip56
\thm@postskip=\skip57
\thm@headsep=\skip58
\dth@everypar=\toks36
)
(/usr/local/texlive/2021/texmf-dist/tex/latex/amsmath/amsmath.sty
Package: amsmath 2020/09/23 v2.17i AMS math features
\@mathmargin=\skip59

For additional information on amsmath, use the `?' option.
(/usr/local/texlive/2021/texmf-dist/tex/latex/amsmath/amstext.sty
Package: amstext 2000/06/29 v2.01 AMS text

(/usr/local/texlive/2021/texmf-dist/tex/latex/amsmath/amsgen.sty
File: amsgen.sty 1999/11/30 v2.0 generic functions
\@emptytoks=\toks37
\ex@=\dimen269
))
(/usr/local/texlive/2021/texmf-dist/tex/latex/amsmath/amsbsy.sty
Package: amsbsy 1999/11/29 v1.2d Bold Symbols
\pmbraise@=\dimen270
)
(/usr/local/texlive/2021/texmf-dist/tex/latex/amsmath/amsopn.sty
Package: amsopn 2016/03/08 v2.02 operator names
)
\inf@bad=\count289
LaTeX Info: Redefining \frac on input line 236.
\uproot@=\count290
\leftroot@=\count291
LaTeX Info: Redefining \overline on input line 399.
\classnum@=\count292
\DOTSCASE@=\count293
LaTeX Info: Redefining \ldots on input line 496.
LaTeX Info: Redefining \dots on input line 499.
LaTeX Info: Redefining \cdots on input line 620.
\Mathstrutbox@=\box58
\strutbox@=\box59
\big@size=\dimen271
LaTeX Font Info:    Redeclaring font encoding OML on input line 743.
LaTeX Font Info:    Redeclaring font encoding OMS on input line 744.
\macc@depth=\count294
\c@MaxMatrixCols=\count295
\dotsspace@=\muskip17
\c@parentequation=\count296
\dspbrk@lvl=\count297
\tag@help=\toks38
\row@=\count298
\column@=\count299
\maxfields@=\count300
\andhelp@=\toks39
\eqnshift@=\dimen272
\alignsep@=\dimen273
\tagshift@=\dimen274
\tagwidth@=\dimen275
\totwidth@=\dimen276
\lineht@=\dimen277
\@envbody=\toks40
\multlinegap=\skip60
\multlinetaggap=\skip61
\mathdisplay@stack=\toks41
LaTeX Info: Redefining \[ on input line 2923.
LaTeX Info: Redefining \] on input line 2924.
)
(/usr/local/texlive/2021/texmf-dist/tex/latex/amsfonts/amssymb.sty
Package: amssymb 2013/01/14 v3.01 AMS font symbols
)
(/usr/local/texlive/2021/texmf-dist/tex/latex/doublestroke/dsfont.sty
Package: dsfont 1995/08/01 v0.1 Double stroke roman fonts
)
(/usr/local/texlive/2021/texmf-dist/tex/latex/stmaryrd/stmaryrd.sty
Package: stmaryrd 1994/03/03 St Mary's Road symbol package
\symstmry=\mathgroup6
LaTeX Font Info:    Overwriting symbol font `stmry' in version `bold'
(Font)                  U/stmry/m/n --> U/stmry/b/n on input line 89.
)
(/usr/local/texlive/2021/texmf-dist/tex/latex/csquotes/csquotes.sty
Package: csquotes 2021-02-22 v5.2l context-sensitive quotations (JAW)

(/usr/local/texlive/2021/texmf-dist/tex/latex/etoolbox/etoolbox.sty
Package: etoolbox 2020/10/05 v2.5k e-TeX tools for LaTeX (JAW)
\etb@tempcnta=\count301
)
\csq@reset=\count302
\csq@gtype=\count303
\csq@glevel=\count304
\csq@qlevel=\count305
\csq@maxlvl=\count306
\csq@tshold=\count307
\csq@ltx@everypar=\toks42

(/usr/local/texlive/2021/texmf-dist/tex/latex/csquotes/csquotes.def
File: csquotes.def 2021-02-22 v5.2l csquotes generic definitions (JAW)
)
Package csquotes Info: Trying to load configuration file 'csquotes.cfg'...
Package csquotes Info: ... configuration file loaded successfully.

(/usr/local/texlive/2021/texmf-dist/tex/latex/csquotes/csquotes.cfg
File: csquotes.cfg 
))
(/usr/local/texlive/2021/texmf-dist/tex/latex/wasysym/wasysym.sty
Package: wasysym 2020/01/19 v2.4 Wasy-2 symbol support package
\symwasy=\mathgroup7
LaTeX Font Info:    Overwriting symbol font `wasy' in version `bold'
(Font)                  U/wasy/m/n --> U/wasy/b/n on input line 93.
LaTeX Font Info:    Redeclaring math symbol \ocircle on input line 243.
)
(/usr/local/texlive/2021/texmf-dist/tex/latex/todonotes/todonotes.sty
Package: todonotes 2020/08/18 v1.1.3 Todonotes source and documentation.
Package: todonotes 2018/11/22

(/usr/local/texlive/2021/texmf-dist/tex/latex/xkeyval/xkeyval.sty
Package: xkeyval 2020/11/20 v2.8 package option processing (HA)

(/usr/local/texlive/2021/texmf-dist/tex/generic/xkeyval/xkeyval.tex
(/usr/local/texlive/2021/texmf-dist/tex/generic/xkeyval/xkvutils.tex
\XKV@toks=\toks43
\XKV@tempa@toks=\toks44
)
\XKV@depth=\count308
File: xkeyval.tex 2014/12/03 v2.7a key=value parser (HA)
))
(/usr/local/texlive/2021/texmf-dist/tex/generic/pgf/frontendlayer/tikz/librarie
s/tikzlibraryshadows.code.tex
File: tikzlibraryshadows.code.tex 2020/12/27 v3.1.8b (3.1.8b)

(/usr/local/texlive/2021/texmf-dist/tex/generic/pgf/frontendlayer/tikz/librarie
s/tikzlibraryfadings.code.tex
File: tikzlibraryfadings.code.tex 2020/12/27 v3.1.8b (3.1.8b)

(/usr/local/texlive/2021/texmf-dist/tex/generic/pgf/libraries/pgflibraryfadings
.code.tex
File: pgflibraryfadings.code.tex 2020/12/27 v3.1.8b (3.1.8b)
))) (/usr/local/texlive/2021/texmf-dist/tex/latex/tools/calc.sty
Package: calc 2017/05/25 v4.3 Infix arithmetic (KKT,FJ)
\calc@Acount=\count309
\calc@Bcount=\count310
\calc@Adimen=\dimen278
\calc@Bdimen=\dimen279
\calc@Askip=\skip62
\calc@Bskip=\skip63
LaTeX Info: Redefining \setlength on input line 80.
LaTeX Info: Redefining \addtolength on input line 81.
\calc@Ccount=\count311
\calc@Cskip=\skip64
)
\c@@todonotes@numberoftodonotes=\count312
)
(/usr/local/texlive/2021/texmf-dist/tex/latex/enumitem/enumitem.sty
Package: enumitem 2019/06/20 v3.9 Customized lists
\labelindent=\skip65
\enit@outerparindent=\dimen280
\enit@toks=\toks45
\enit@inbox=\box60
\enit@count@id=\count313
\enitdp@description=\count314
)
(/usr/local/texlive/2021/texmf-dist/tex/latex/tools/bm.sty
Package: bm 2019/07/24 v1.2d Bold Symbol Support (DPC/FMi)
\symboldoperators=\mathgroup8
\symboldletters=\mathgroup9
\symboldsymbols=\mathgroup10
\symboldstmry=\mathgroup11
LaTeX Font Info:    Redeclaring math alphabet \mathbf on input line 141.
LaTeX Info: Redefining \bm on input line 209.
)
(/usr/local/texlive/2021/texmf-dist/tex/latex/isomath/isomath.sty
Package: isomath 2012/09/04 v0.6.1 ISO math style

(/usr/local/texlive/2021/texmf-dist/tex/latex/was/fixmath.sty
Package: fixmath 2000/04/11 v0.9 (WaS)
LaTeX Font Info:    Redeclaring math symbol \Gamma on input line 27.
LaTeX Font Info:    Redeclaring math symbol \Delta on input line 28.
LaTeX Font Info:    Redeclaring math symbol \Theta on input line 29.
LaTeX Font Info:    Redeclaring math symbol \Lambda on input line 30.
LaTeX Font Info:    Redeclaring math symbol \Xi on input line 31.
LaTeX Font Info:    Redeclaring math symbol \Pi on input line 32.
LaTeX Font Info:    Redeclaring math symbol \Sigma on input line 33.
LaTeX Font Info:    Redeclaring math symbol \Upsilon on input line 34.
LaTeX Font Info:    Redeclaring math symbol \Phi on input line 35.
LaTeX Font Info:    Redeclaring math symbol \Psi on input line 36.
LaTeX Font Info:    Redeclaring math symbol \Omega on input line 37.
LaTeX Font Info:    Redeclaring math symbol \alpha on input line 38.
LaTeX Font Info:    Redeclaring math symbol \beta on input line 39.
LaTeX Font Info:    Redeclaring math symbol \gamma on input line 40.
LaTeX Font Info:    Redeclaring math symbol \delta on input line 41.
LaTeX Font Info:    Redeclaring math symbol \epsilon on input line 42.
LaTeX Font Info:    Redeclaring math symbol \zeta on input line 43.
LaTeX Font Info:    Redeclaring math symbol \eta on input line 44.
LaTeX Font Info:    Redeclaring math symbol \theta on input line 45.
LaTeX Font Info:    Redeclaring math symbol \iota on input line 46.
LaTeX Font Info:    Redeclaring math symbol \kappa on input line 47.
LaTeX Font Info:    Redeclaring math symbol \lambda on input line 48.
LaTeX Font Info:    Redeclaring math symbol \mu on input line 49.
LaTeX Font Info:    Redeclaring math symbol \nu on input line 50.
LaTeX Font Info:    Redeclaring math symbol \xi on input line 51.
LaTeX Font Info:    Redeclaring math symbol \pi on input line 52.
LaTeX Font Info:    Redeclaring math symbol \rho on input line 53.
LaTeX Font Info:    Redeclaring math symbol \sigma on input line 54.
LaTeX Font Info:    Redeclaring math symbol \tau on input line 55.
LaTeX Font Info:    Redeclaring math symbol \upsilon on input line 56.
LaTeX Font Info:    Redeclaring math symbol \phi on input line 57.
LaTeX Font Info:    Redeclaring math symbol \chi on input line 58.
LaTeX Font Info:    Redeclaring math symbol \psi on input line 59.
LaTeX Font Info:    Redeclaring math symbol \omega on input line 60.
LaTeX Font Info:    Redeclaring math symbol \varepsilon on input line 61.
LaTeX Font Info:    Redeclaring math symbol \vartheta on input line 62.
LaTeX Font Info:    Redeclaring math symbol \varpi on input line 63.
LaTeX Font Info:    Redeclaring math symbol \varphi on input line 64.
LaTeX Font Info:    Redeclaring math symbol \varrho on input line 65.
LaTeX Font Info:    Redeclaring math symbol \varsigma on input line 66.
))
(/usr/local/texlive/2021/texmf-dist/tex/latex/mathtools/mathtools.sty
Package: mathtools 2021/03/18 v1.25 mathematical typesetting tools

(/usr/local/texlive/2021/texmf-dist/tex/latex/mathtools/mhsetup.sty
Package: mhsetup 2021/03/18 v1.4 programming setup (MH)
)
LaTeX Info: Thecontrolsequence`\('isalreadyrobust on input line 130.
LaTeX Info: Thecontrolsequence`\)'isalreadyrobust on input line 130.
LaTeX Info: Thecontrolsequence`\['isalreadyrobust on input line 130.
LaTeX Info: Thecontrolsequence`\]'isalreadyrobust on input line 130.
\g_MT_multlinerow_int=\count315
\l_MT_multwidth_dim=\dimen281
\origjot=\skip66
\l_MT_shortvdotswithinadjustabove_dim=\dimen282
\l_MT_shortvdotswithinadjustbelow_dim=\dimen283
\l_MT_above_intertext_sep=\dimen284
\l_MT_below_intertext_sep=\dimen285
\l_MT_above_shortintertext_sep=\dimen286
\l_MT_below_shortintertext_sep=\dimen287
\xmathstrut@box=\box61
\xmathstrut@dim=\dimen288
)
\c@theorem=\count316
\c@innercustomthm=\count317
Package csquotes Info: Checking for multilingual support...
Package csquotes Info: ... none found.

(/usr/local/texlive/2021/texmf-dist/tex/latex/l3backend/l3backend-luatex.def
File: l3backend-luatex.def 2021-03-18 L3 backend support: PDF output (LuaTeX)
\l__color_backend_stack_int=\count318
\l__pdf_internal_box=\box62
)
(./main.aux

LaTeX Warning: Label `eq:permutation_invertible' multiply defined.


LaTeX Warning: Label `eq:using_pushforward' multiply defined.


LaTeX Warning: Label `eq:closure_under_permutation' multiply defined.


LaTeX Warning: Label `eq:cond_expectation_first' multiply defined.


LaTeX Warning: Label `ch:6' multiply defined.

)
\openout1 = main.aux

LaTeX Font Info:    Checking defaults for OML/cmm/m/it on input line 152.
LaTeX Font Info:    ... okay on input line 152.
LaTeX Font Info:    Checking defaults for OMS/cmsy/m/n on input line 152.
LaTeX Font Info:    ... okay on input line 152.
LaTeX Font Info:    Checking defaults for OT1/cmr/m/n on input line 152.
LaTeX Font Info:    ... okay on input line 152.
LaTeX Font Info:    Checking defaults for T1/cmr/m/n on input line 152.
LaTeX Font Info:    ... okay on input line 152.
LaTeX Font Info:    Checking defaults for TS1/cmr/m/n on input line 152.
LaTeX Font Info:    Trying to load font information for TS1+cmr on input line 1
52.
 (/usr/local/texlive/2021/texmf-dist/tex/latex/base/ts1cmr.fd
File: ts1cmr.fd 2019/12/16 v2.5j Standard LaTeX font definitions
)
LaTeX Font Info:    ... okay on input line 152.
LaTeX Font Info:    Checking defaults for TU/lmr/m/n on input line 152.
LaTeX Font Info:    ... okay on input line 152.
LaTeX Font Info:    Checking defaults for OMX/cmex/m/n on input line 152.
LaTeX Font Info:    ... okay on input line 152.
LaTeX Font Info:    Checking defaults for U/cmr/m/n on input line 152.
LaTeX Font Info:    ... okay on input line 152.
LaTeX Font Info:    Checking defaults for PD1/pdf/m/n on input line 152.
LaTeX Font Info:    ... okay on input line 152.
LaTeX Font Info:    Checking defaults for PU/pdf/m/n on input line 152.
LaTeX Font Info:    ... okay on input line 152.
Package hyperref Info: Link coloring OFF on input line 152.

(/usr/local/texlive/2021/texmf-dist/tex/latex/hyperref/nameref.sty
Package: nameref 2021-04-02 v2.47 Cross-referencing by name of section

(/usr/local/texlive/2021/texmf-dist/tex/latex/refcount/refcount.sty
Package: refcount 2019/12/15 v3.6 Data extraction from label references (HO)
)
(/usr/local/texlive/2021/texmf-dist/tex/generic/gettitlestring/gettitlestring.s
ty
Package: gettitlestring 2019/12/15 v1.6 Cleanup title references (HO)
)
\c@section@level=\count319
)
LaTeX Info: Redefining \ref on input line 152.
LaTeX Info: Redefining \pageref on input line 152.
LaTeX Info: Redefining \nameref on input line 152.
 (./main.out) (./main.out)
\@outlinefile=\write4

\openout4 = main.out
LaTeX Info: Redefining \microtypecontext on input line 152.
Package microtype Info: Generating PDF output.
Package microtype Info: Character protrusion enabled (level 2).
Package microtype Info: Using default protrusion set `alltext'.
Package microtype Info: Automatic font expansion enabled (level 2),
(microtype)             stretch: 20, shrink: 20, step: 1, non-selected.
Package microtype Info: Using default expansion set `alltext-nott'.
LaTeX Info: Redefining \showhyphens on input line 152.
Package microtype Info: No adjustment of tracking.
Package microtype Info: No adjustment of spacing.
Package microtype Info: No adjustment of kerning.

(/usr/local/texlive/2021/texmf-dist/tex/latex/microtype/mt-cmr.cfg
File: mt-cmr.cfg 2013/05/19 v2.2 microtype config. file: Computer Modern Roman 
(RS)
)
(/usr/local/texlive/2021/texmf-dist/tex/context/base/mkii/supp-pdf.mkii
[Loading MPS to PDF converter (version 2006.09.02).]
\scratchcounter=\count320
\scratchdimen=\dimen289
\scratchbox=\box63
\nofMPsegments=\count321
\nofMParguments=\count322
\everyMPshowfont=\toks46
\MPscratchCnt=\count323
\MPscratchDim=\dimen290
\MPnumerator=\count324
\makeMPintoPDFobject=\count325
\everyMPtoPDFconversion=\toks47
) (/usr/local/texlive/2021/texmf-dist/tex/latex/epstopdf-pkg/epstopdf-base.sty
Package: epstopdf-base 2020-01-24 v2.11 Base part for package epstopdf
Package epstopdf-base Info: Redefining graphics rule for `.eps' on input line 4
85.

(/usr/local/texlive/2021/texmf-dist/tex/latex/latexconfig/epstopdf-sys.cfg
File: epstopdf-sys.cfg 2010/07/13 v1.3 Configuration of (r)epstopdf for TeX Liv
e
))
LaTeX Font Info:    Trying to load font information for U+msa on input line 155
.

(/usr/local/texlive/2021/texmf-dist/tex/latex/amsfonts/umsa.fd
File: umsa.fd 2013/01/14 v3.01 AMS symbols A
)
(/usr/local/texlive/2021/texmf-dist/tex/latex/microtype/mt-msa.cfg
File: mt-msa.cfg 2006/02/04 v1.1 microtype config. file: AMS symbols (a) (RS)
)
LaTeX Font Info:    Trying to load font information for U+msb on input line 155
.

(/usr/local/texlive/2021/texmf-dist/tex/latex/amsfonts/umsb.fd
File: umsb.fd 2013/01/14 v3.01 AMS symbols B
)
(/usr/local/texlive/2021/texmf-dist/tex/latex/microtype/mt-msb.cfg
File: mt-msb.cfg 2005/06/01 v1.0 microtype config. file: AMS symbols (b) (RS)
)
LaTeX Font Info:    Trying to load font information for U+stmry on input line 1
55.

(/usr/local/texlive/2021/texmf-dist/tex/latex/stmaryrd/Ustmry.fd)
LaTeX Font Info:    Trying to load font information for U+wasy on input line 15
5.

(/usr/local/texlive/2021/texmf-dist/tex/latex/wasysym/uwasy.fd
File: uwasy.fd 2020/01/19 v2.4 Wasy-2 symbol font definitions
)

LaTeX Font Warning: Font shape `U/stmry/b/n' undefined
(Font)              using `U/stmry/m/n' instead on input line 155.

[1


{/usr/local/texlive/2021/texmf-var/fonts/map/pdftex/updmap/pdftex.map}]
[2

] (./main.toc [3])
\tf@toc=\write5

\openout5 = main.toc
 (./chapter_1_introduction.tex [4]
Chapter 1.
[5

] [6]
Package microtype Info: Loading generic protrusion settings for font family
(microtype)             `cmss' (encoding: OT1).
(microtype)             For optimal results, create family-specific settings.
(microtype)             See the microtype manual for details.
LaTeX Font Info:    Trying to load font information for U+eus on input line 45.

 (/usr/local/texlive/2021/texmf-dist/tex/latex/amsfonts/ueus.fd
File: ueus.fd 2013/01/14 v3.01 Euler Script
)
(/usr/local/texlive/2021/texmf-dist/tex/latex/microtype/mt-eus.cfg
File: mt-eus.cfg 2006/07/28 v1.2 microtype config. file: AMS Euler Script (RS)
)
LaTeX Font Info:    Trying to load font information for OML+cmbr on input line 
45.

(/usr/local/texlive/2021/texmf-dist/tex/latex/cmbright/omlcmbr.fd
File: omlcmbr.fd 2005/04/13 v8.1 (WaS)
)
LaTeX Font Info:    Trying to load font information for OML+cmbrm on input line
 45.

(/usr/local/texlive/2021/texmf-dist/tex/latex/cmbright/omlcmbrm.fd
File: omlcmbrm.fd 2005/04/13 v8.1 (WaS)
)
LaTeX Font Info:    Font shape `OML/cmbr/bx/it' in size <10> not available
(Font)              Font shape `OML/cmbrm/b/it' tried instead on input line 45.

LaTeX Font Info:    Font shape `OML/cmbr/bx/it' in size <7> not available
(Font)              Font shape `OML/cmbrm/b/it' tried instead on input line 45.

LaTeX Font Info:    Font shape `OML/cmbr/bx/it' in size <5> not available
(Font)              Font shape `OML/cmbrm/b/it' tried instead on input line 45.

 [7
Missing character: There is no ’ (U+2019) in font ec-lmr10!
Missing character: There is no ’ (U+2019) in font ec-lmr10!
]
LaTeX Font Info:    Font shape `OML/cmbr/bx/it' in size <8> not available
(Font)              Font shape `OML/cmbrm/b/it' tried instead on input line 46.

LaTeX Font Info:    Font shape `OML/cmbr/bx/it' in size <6> not available
(Font)              Font shape `OML/cmbrm/b/it' tried instead on input line 46.



LaTeX Warning: Reference `sec:cbns_without_d' on page 8 undefined on input line
 49.

Package hyperref Info: bookmark level for unknown todo defaults to 0 on input l
ine 51.
) (./chapter_2_technical.tex [8]
Chapter 2.

Package hyperref Warning: Difference (2) between bookmark levels is greater 
(hyperref)                than one, level fixed on input line 13.

[9

] [10] [11] [12] [13] [14]
Overfull \hbox (30.75018pt too wide) detected at line 296
[]
 []


Underfull \vbox (badness 1629) has occurred while \output is active []

 [15]
[16] [17] [18] [19] [20] [21] [22] [23]
Underfull \vbox (badness 5548) has occurred while \output is active []

 [24]
Overfull \hbox (27.99973pt too wide) detected at line 1312
[]
 []

[25] [26]
LaTeX Font Info:    Trying to load font information for U+dsrom on input line 1
349.
 (/usr/local/texlive/2021/texmf-dist/tex/latex/doublestroke/Udsrom.fd
File: Udsrom.fd 1995/08/01 v0.1 Double stroke roman font definitions
)
Package microtype Info: Fixing zero fontdimen6 for font `U/dsrom/m/n/10'
(microtype)             (new value: 10.0pt) on input line 1349.
Package microtype Info: Fixing zero fontdimen6 for font `U/dsrom/m/n/7'
(microtype)             (new value: 7.0pt) on input line 1349.
Package microtype Info: Fixing zero fontdimen6 for font `U/dsrom/m/n/5'
(microtype)             (new value: 5.0pt) on input line 1349.
[27] [28] [29] [30]
Overfull \hbox (14.92358pt too wide) detected at line 1469
[]
 []

[31] [32]
Underfull \vbox (badness 1028) has occurred while \output is active []

 [33]
Overfull \hbox (65.96545pt too wide) detected at line 1658
[]
 []


Underfull \vbox (badness 10000) has occurred while \output is active []

 [34]
[35] [36] [37]

LaTeX Warning: Reference `def:labeled_disint' on page 38 undefined on input lin
e 1936.

) (./chapter_3_twoplayer_statistical_models.tex [38]
Chapter 3.
[39

]
Overfull \hbox (25.17783pt too wide) has occurred while \output is active
\T1/lmr/m/n/10 40 \T1/lmr/m/sl/10 CHAP-TER 3.  TWO PLAYER STA-TIS-TI-CAL MOD-ELS
 AND SEE-DO MOD-ELS
 []

[40] [41]
Overfull \hbox (25.17783pt too wide) has occurred while \output is active
\T1/lmr/m/n/10 42 \T1/lmr/m/sl/10 CHAP-TER 3.  TWO PLAYER STA-TIS-TI-CAL MOD-ELS
 AND SEE-DO MOD-ELS
 []

[42]
Overfull \hbox (12.95595pt too wide) has occurred while \output is active
\T1/lmr/m/sl/10 3.2.  FRE-QUEN-TIST RAN-DOM VARI-ABLES AND BAYESIAN FORE-CASTS 
\T1/lmr/m/n/10 43
 []

[43]
Overfull \hbox (25.17783pt too wide) has occurred while \output is active
\T1/lmr/m/n/10 44 \T1/lmr/m/sl/10 CHAP-TER 3.  TWO PLAYER STA-TIS-TI-CAL MOD-ELS
 AND SEE-DO MOD-ELS
 []

[44]
Overfull \hbox (12.95595pt too wide) has occurred while \output is active
\T1/lmr/m/sl/10 3.2.  FRE-QUEN-TIST RAN-DOM VARI-ABLES AND BAYESIAN FORE-CASTS 
\T1/lmr/m/n/10 45
 []

[45]
Overfull \hbox (25.17783pt too wide) has occurred while \output is active
\T1/lmr/m/n/10 46 \T1/lmr/m/sl/10 CHAP-TER 3.  TWO PLAYER STA-TIS-TI-CAL MOD-ELS
 AND SEE-DO MOD-ELS
 []

[46]
Overfull \hbox (12.95595pt too wide) has occurred while \output is active
\T1/lmr/m/sl/10 3.2.  FRE-QUEN-TIST RAN-DOM VARI-ABLES AND BAYESIAN FORE-CASTS 
\T1/lmr/m/n/10 47
 []

[47]
Underfull \vbox (badness 1571) has occurred while \output is active []


Overfull \hbox (25.17783pt too wide) has occurred while \output is active
\T1/lmr/m/n/10 48 \T1/lmr/m/sl/10 CHAP-TER 3.  TWO PLAYER STA-TIS-TI-CAL MOD-ELS
 AND SEE-DO MOD-ELS
 []

[48]
Overfull \hbox (12.95595pt too wide) has occurred while \output is active
\T1/lmr/m/sl/10 3.2.  FRE-QUEN-TIST RAN-DOM VARI-ABLES AND BAYESIAN FORE-CASTS 
\T1/lmr/m/n/10 49
 []

[49]
Overfull \hbox (25.17783pt too wide) has occurred while \output is active
\T1/lmr/m/n/10 50 \T1/lmr/m/sl/10 CHAP-TER 3.  TWO PLAYER STA-TIS-TI-CAL MOD-ELS
 AND SEE-DO MOD-ELS
 []

[50]
Overfull \hbox (35.57124pt too wide) detected at line 398
[]
 []


Overfull \hbox (12.95595pt too wide) has occurred while \output is active
\T1/lmr/m/sl/10 3.2.  FRE-QUEN-TIST RAN-DOM VARI-ABLES AND BAYESIAN FORE-CASTS 
\T1/lmr/m/n/10 51
 []

[51]
Overfull \hbox (25.17783pt too wide) has occurred while \output is active
\T1/lmr/m/n/10 52 \T1/lmr/m/sl/10 CHAP-TER 3.  TWO PLAYER STA-TIS-TI-CAL MOD-ELS
 AND SEE-DO MOD-ELS
 []

[52]
Overfull \hbox (12.95595pt too wide) has occurred while \output is active
\T1/lmr/m/sl/10 3.2.  FRE-QUEN-TIST RAN-DOM VARI-ABLES AND BAYESIAN FORE-CASTS 
\T1/lmr/m/n/10 53
 []

[53]
Overfull \hbox (25.17783pt too wide) has occurred while \output is active
\T1/lmr/m/n/10 54 \T1/lmr/m/sl/10 CHAP-TER 3.  TWO PLAYER STA-TIS-TI-CAL MOD-ELS
 AND SEE-DO MOD-ELS
 []

[54]
Overfull \hbox (12.95595pt too wide) has occurred while \output is active
\T1/lmr/m/sl/10 3.2.  FRE-QUEN-TIST RAN-DOM VARI-ABLES AND BAYESIAN FORE-CASTS 
\T1/lmr/m/n/10 55
 []

[55]
Overfull \hbox (25.17783pt too wide) has occurred while \output is active
\T1/lmr/m/n/10 56 \T1/lmr/m/sl/10 CHAP-TER 3.  TWO PLAYER STA-TIS-TI-CAL MOD-ELS
 AND SEE-DO MOD-ELS
 []

[56]
Overfull \hbox (12.95595pt too wide) has occurred while \output is active
\T1/lmr/m/sl/10 3.2.  FRE-QUEN-TIST RAN-DOM VARI-ABLES AND BAYESIAN FORE-CASTS 
\T1/lmr/m/n/10 57
 []

[57]
Underfull \vbox (badness 4859) has occurred while \output is active []


Overfull \hbox (25.17783pt too wide) has occurred while \output is active
\T1/lmr/m/n/10 58 \T1/lmr/m/sl/10 CHAP-TER 3.  TWO PLAYER STA-TIS-TI-CAL MOD-ELS
 AND SEE-DO MOD-ELS
 []

[58]
Underfull \vbox (badness 10000) has occurred while \output is active []


Overfull \hbox (12.95595pt too wide) has occurred while \output is active
\T1/lmr/m/sl/10 3.2.  FRE-QUEN-TIST RAN-DOM VARI-ABLES AND BAYESIAN FORE-CASTS 
\T1/lmr/m/n/10 59
 []

[59]
Overfull \hbox (25.17783pt too wide) has occurred while \output is active
\T1/lmr/m/n/10 60 \T1/lmr/m/sl/10 CHAP-TER 3.  TWO PLAYER STA-TIS-TI-CAL MOD-ELS
 AND SEE-DO MOD-ELS
 []

[60]
Overfull \hbox (187.79791pt too wide) detected at line 984
[]
 []


Overfull \hbox (87.74725pt too wide) detected at line 992
[]
 []

) (./chapter_4_statistical_decision_theory.tex
Overfull \hbox (12.95595pt too wide) has occurred while \output is active
\T1/lmr/m/sl/10 3.2.  FRE-QUEN-TIST RAN-DOM VARI-ABLES AND BAYESIAN FORE-CASTS 
\T1/lmr/m/n/10 61
 []

[61]
Overfull \hbox (25.17783pt too wide) has occurred while \output is active
\T1/lmr/m/n/10 62 \T1/lmr/m/sl/10 CHAP-TER 3.  TWO PLAYER STA-TIS-TI-CAL MOD-ELS
 AND SEE-DO MOD-ELS
 []

[62

]
Chapter 4.
[63] [64] [65] [66]

LaTeX Warning: Reference `th:representaiton' on page 67 undefined on input line
 132.


Underfull \vbox (badness 3713) has occurred while \output is active []

 [67]

LaTeX Warning: Reference `th:representaiton' on page 68 undefined on input line
 213.

[68] [69] [70] [71]

LaTeX Warning: Reference `tab:sdp_cdp_comparison' on page 72 undefined on input
 line 348.

[72]

LaTeX Warning: Reference `th:CSDP_u_red' on page 73 undefined on input line 391
.


LaTeX Warning: Reference `th:CSDP_ob_red' on page 73 undefined on input line 39
1.

[73]

Package natbib Warning: Citation `loomes_regret_1982' on page 74 undefined on i
nput line 412.

[74]
Overfull \hbox (18.38603pt too wide) in paragraph at lines 437--438
[][]\T1/lmr/bx/n/10 The-o-rem 4.2.20 \T1/lmr/m/n/10 (SDP can be re-duced to a CS
DP)\T1/lmr/bx/n/10 . []\T1/lmr/m/it/10 Given any SDP $\OMS/cmsy/m/n/10 h\OML/cm
m/m/it/10 ; \OT1/cmr/m/n/10 (\U/eus/m/n/10 H\OML/cmm/m/it/10 ; m\OT1/cmr/m/n/1
0 )\OML/cmm/m/it/10 ; D; `\OMS/cmsy/m/n/10 i$
 []


Overfull \hbox (77.8578pt too wide) in paragraph at lines 452--453
\OMS/cmsy/m/n/10 h\U/eus/m/n/10 T\OML/cmm/m/it/10 ; D; u\OMS/cmsy/m/n/10 i$ \T1
/lmr/m/it/10 with two player game rep-re-sen-ta-tion $\OMS/cmsy/m/n/10 h\U/eus/
m/n/10 T\OML/cmm/m/it/10 ; \U/eus/m/n/10 J\OML/cmm/m/it/10 ; R\OMS/cmsy/m/n/10 
i$\T1/lmr/m/it/10 , if $\OMS/cmsy/m/n/10 j\U/eus/m/n/10 T\OMS/cmsy/m/n/10 j \OM
L/cmm/m/it/10 < \OMS/cmsy/m/n/10 1$ \T1/lmr/m/it/10 and $[][] \OML/cmm/m/it/10 
R\OT1/cmr/m/n/10 ((\OML/cmm/m/it/10 ; \OT1/cmr/m/n/10 )\OML/cmm/m/it/10 ; J\O
T1/cmr/m/n/10 ) \OML/cmm/m/it/10 >
 []

[75]) (./chapter_5_interventions_counterfactuals.tex [76]
Chapter 5.
[77

]
Overfull \hbox (37.26372pt too wide) has occurred while \output is active
\T1/lmr/m/n/10 78 \T1/lmr/m/sl/10 CHAP-TER 5.  SEE-DO MOD-ELS, IN-TER-VEN-TIONS AND COUN-TER-FAC-TU-ALS
 []

[78]

LaTeX Warning: Reference `sec:single_double_representation' on page 79 undefine
d on input line 71.

[79]
Overfull \hbox (37.26372pt too wide) has occurred while \output is active
\T1/lmr/m/n/10 80 \T1/lmr/m/sl/10 CHAP-TER 5.  SEE-DO MOD-ELS, IN-TER-VEN-TIONS AND COUN-TER-FAC-TU-ALS
 []

[80]

LaTeX Warning: Reference `sec:cbns_without_d' on page 81 undefined on input lin
e 88.


Overfull \hbox (36.9879pt too wide) detected at line 98
[]
 []


Overfull \hbox (36.9879pt too wide) detected at line 109
[]
 []

[81]
Overfull \hbox (0.48987pt too wide) in paragraph at lines 134--135
[]\T1/lmr/m/n/10 By the as-sump-tion of lim-ited un-re-spon-sive-ness, for all 
$\OML/cmm/m/it/10 d; d[]$ \T1/lmr/m/n/10 such that $\OML/cmm/m/it/10 y[]\OT1/cm
r/m/n/10 (\OML/cmm/m/it/10 s; d\OT1/cmr/m/n/10 ) =
 []


Overfull \hbox (14.36304pt too wide) in paragraph at lines 134--135
\OML/cmm/m/it/10 y\OT1/cmr/m/n/10 (\OML/cmm/m/it/10 s; \OT1/cmr/m/n/10 [\OML/cm
m/m/it/10 y[]\OT1/cmr/m/n/10 (\OML/cmm/m/it/10 s; \OMS/cmsy/m/n/10 \OT1/cmr/m/
n/10 )][](\OML/cmm/m/it/10 y[]\OT1/cmr/m/n/10 (\OML/cmm/m/it/10 s; d\OT1/cmr/m/
n/10 )))$ \T1/lmr/m/n/10 where $\OT1/cmr/m/n/10 [\OML/cmm/m/it/10 y[]\OT1/cmr/m
/n/10 (\OML/cmm/m/it/10 s; \OMS/cmsy/m/n/10 \OT1/cmr/m/n/10 )][](\OML/cmm/m/it
/10 a\OT1/cmr/m/n/10 )$ \T1/lmr/m/n/10 is an ar-bi-trary el-e-ment of $\OMS/cms
y/m/n/10 f\OML/cmm/m/it/10 d\OMS/cmsy/m/n/10 j\OML/cmm/m/it/10 y[]\OT1/cmr/m/n/
10 (\OML/cmm/m/it/10 s; d\OT1/cmr/m/n/10 ) =
 []


Overfull \hbox (37.26372pt too wide) has occurred while \output is active
\T1/lmr/m/n/10 82 \T1/lmr/m/sl/10 CHAP-TER 5.  SEE-DO MOD-ELS, IN-TER-VEN-TIONS AND COUN-TER-FAC-TU-ALS
 []

[82] [83]
Overfull \hbox (37.26372pt too wide) has occurred while \output is active
\T1/lmr/m/n/10 84 \T1/lmr/m/sl/10 CHAP-TER 5.  SEE-DO MOD-ELS, IN-TER-VEN-TIONS AND COUN-TER-FAC-TU-ALS
 []

[84] [85]
Overfull \hbox (37.26372pt too wide) has occurred while \output is active
\T1/lmr/m/n/10 86 \T1/lmr/m/sl/10 CHAP-TER 5.  SEE-DO MOD-ELS, IN-TER-VEN-TIONS AND COUN-TER-FAC-TU-ALS
 []

[86]
Underfull \hbox (badness 10000) in paragraph at lines 439--443

 []

[87]) (./chapter_6_imitability_inference.tex
Overfull \hbox (37.26372pt too wide) has occurred while \output is active
\T1/lmr/m/n/10 88 \T1/lmr/m/sl/10 CHAP-TER 5.  SEE-DO MOD-ELS, IN-TER-VEN-TIONS AND COUN-TER-FAC-TU-ALS
 []

[88]
Chapter 6.
[89

]) (./chapter_7_godscomputer.tex [90]
Chapter 7.
[91

] [92]
Overfull \hbox (224.4057pt too wide) has occurred while \output is active
\T1/lmr/m/sl/10 7.1.  ARE WE TRY-ING TO UN-DER-STAND CON-SE-QUENCES OR AC-TIONS OR OB-JEC-TIVE CAUSAL RE-LA-TION-SHIPS? \T1/lmr/m/n/10 93
 []

[93] [94]
Underfull \vbox (badness 2050) has occurred while \output is active []


Overfull \hbox (224.4057pt too wide) has occurred while \output is active
\T1/lmr/m/sl/10 7.1.  ARE WE TRY-ING TO UN-DER-STAND CON-SE-QUENCES OR AC-TIONS OR OB-JEC-TIVE CAUSAL RE-LA-TION-SHIPS? \T1/lmr/m/n/10 95
 []

[95] [96]
Overfull \hbox (224.4057pt too wide) has occurred while \output is active
\T1/lmr/m/sl/10 7.1.  ARE WE TRY-ING TO UN-DER-STAND CON-SE-QUENCES OR AC-TIONS OR OB-JEC-TIVE CAUSAL RE-LA-TION-SHIPS? \T1/lmr/m/n/10 97
 []

[97] [98]
Overfull \hbox (224.4057pt too wide) has occurred while \output is active
\T1/lmr/m/sl/10 7.1.  ARE WE TRY-ING TO UN-DER-STAND CON-SE-QUENCES OR AC-TIONS OR OB-JEC-TIVE CAUSAL RE-LA-TION-SHIPS? \T1/lmr/m/n/10 99
 []

[99] [100]
Overfull \hbox (229.4057pt too wide) has occurred while \output is active
\T1/lmr/m/sl/10 7.1.  ARE WE TRY-ING TO UN-DER-STAND CON-SE-QUENCES OR AC-TIONS OR OB-JEC-TIVE CAUSAL RE-LA-TION-SHIPS? \T1/lmr/m/n/10 101
 []

[101]
Overfull \hbox (37.38277pt too wide) in paragraph at lines 597--598
[][]\T1/lmr/bx/n/10 Def-i-ni-tion 7.1.17 \T1/lmr/m/n/10 (De-rived model)\T1/lmr
/bx/n/10 . []\T1/lmr/m/n/10 Given a SCNM $\OMS/cmsy/m/n/10 M \OT1/cmr/m/n/10 := \OMS/cmsy/m/n/10 hI\OML/cmm/m/it/10 ; \OMS/cmsy/m/n/10 J\OML/cmm/m/it/10 ; \OT1/cmr/bx/n/10 X[]\OML/cmm/m/it/10 ; \OT1/cmr/bx/n/10 E[]\OML/cmm/m/it/10 ; \OT1/cmr/bx/n/10 f[]\OML/cmm/m/it/10 ; \OT1/cmr/bx/n/10 g[]\OML/cmm/m/it/10 ; \U/msb/m/n/10 P[]\OML/cmm/m/it/10 ; \OML/cmbr/bx/it/10 E[]\OMS/cmsy/m/n/10 i$\T1/lmr/m/n/10 ,
 []

[102])
Overfull \hbox (229.4057pt too wide) has occurred while \output is active
\T1/lmr/m/sl/10 7.1.  ARE WE TRY-ING TO UN-DER-STAND CON-SE-QUENCES OR AC-TIONS OR OB-JEC-TIVE CAUSAL RE-LA-TION-SHIPS? \T1/lmr/m/n/10 103
 []

[103] (./main.bbl
LaTeX Font Info:    Trying to load font information for T1+lmtt on input line 1
3.
 (/usr/local/texlive/2021/texmf-dist/tex/latex/lm/t1lmtt.fd
File: t1lmtt.fd 2015/05/01 v1.6.1 Font defs for Latin Modern
)
Package microtype Info: Loading generic protrusion settings for font family
(microtype)             `lmtt' (encoding: T1).
(microtype)             For optimal results, create family-specific settings.
(microtype)             See the microtype manual for details.

Underfull \hbox (badness 6125) in paragraph at lines 31--38
[]\T1/lmr/m/n/10 Flo-rence Clerc, Fredrik Dahlqvist, Vin-cent Danos, and Il-ias Gar-
 []


Underfull \hbox (badness 2035) in paragraph at lines 31--38
\T1/lmr/m/n/10 nier.  Point-less learn-ing.  \T1/lmr/m/it/10 20th In-ter-na-tion
al Con-fer-ence on Foun-
 []


Underfull \hbox (badness 10000) in paragraph at lines 31--38
\T1/lmr/m/it/10 da-tions of Soft-ware Sci-ence and Com-pu-ta-tion Struc-tures (F
oS-
 []


Underfull \hbox (badness 7397) in paragraph at lines 31--38
\T1/lmr/m/it/10 SaCS 2017)\T1/lmr/m/n/10 , March 2017.  doi: $10.1007/978-[]3-[
]662-[]54458-[]7_21$.
 []


Underfull \hbox (badness 10000) in paragraph at lines 31--38
\T1/lmr/m/n/10 URL []$\T1/lmtt/m/n/10 https://www.research.ed.ac.uk/portal/en/pu
blications/
 []

[104]
Overfull \hbox (229.4057pt too wide) has occurred while \output is active
\T1/lmr/m/sl/10 7.1.  ARE WE TRY-ING TO UN-DER-STAND CON-SE-QUENCES OR AC-TIONS OR OB-JEC-TIVE CAUSAL RE-LA-TION-SHIPS? \T1/lmr/m/n/10 105
 []

[105] [106
Missing character: There is no – (U+2013) in font ec-lmr10!
])
Overfull \hbox (229.4057pt too wide) has occurred while \output is active
\T1/lmr/m/sl/10 7.1.  ARE WE TRY-ING TO UN-DER-STAND CON-SE-QUENCES OR AC-TIONS OR OB-JEC-TIVE CAUSAL RE-LA-TION-SHIPS? \T1/lmr/m/n/10 107
 []

[107]

Package natbib Warning: There were undefined citations.

[108] (./main.aux)

LaTeX Font Warning: Some font shapes were not available, defaults substituted.


LaTeX Warning: There were undefined references.


LaTeX Warning: There were multiply-defined labels.

Package rerunfilecheck Info: File `main.out' has not changed.
(rerunfilecheck)             Checksum: 3E25C713CF75CB9B39715ED034665562;9882.
)

Here is how much of LuaTeX's memory you used:
 29890 strings out of 478531
 125007,953878 words of node,token memory allocated
 5125 words of node memory still in use:
   83 hlist, 8 vlist, 10 rule, 13 disc, 4 local_par, 99 glue, 14 kern, 7 penalty
, 1 margin_kern, 131 glyph, 311 attribute, 60 glue_spec, 311 attribute_list, 6 w
rite, 4 save_pos, 150 pdf_literal, 29 pdf_action, 20 pdf_colorstack nodes
   avail lists: 2:5916,3:2215,4:153,5:636,6:63,7:8548,8:121,9:1591,10:25,11:640
 47831 multiletter control sequences out of 65536+600000
 131 fonts using 9691439 bytes
 87i,17n,92p,1481b,994s stack positions out of 5000i,500n,10000p,200000b,80000s
{/usr/local/texlive/2021/texmf-dist/fonts/enc/dvips/lm/lm-ec.enc}{/usr/local/tex
live/2021/texmf-dist/fonts/enc/dvips/lm/lm-ts1.enc}</usr/local/texlive/2021/texm
f-dist/fonts/type1/public/amsfonts/cm/cmbx10.pfb></usr/local/texlive/2021/texmf-
dist/fonts/type1/public/amsfonts/cm/cmbx5.pfb></usr/local/texlive/2021/texmf-dis
t/fonts/type1/public/amsfonts/cm/cmbx7.pfb></usr/local/texlive/2021/texmf-dist/f
onts/type1/public/amsfonts/cm/cmex10.pfb></usr/local/texlive/2021/texmf-dist/fon
ts/type1/public/amsfonts/cmextra/cmex7.pfb></usr/local/texlive/2021/texmf-dist/f
onts/type1/public/amsfonts/cm/cmmi10.pfb></usr/local/texlive/2021/texmf-dist/fon
ts/type1/public/amsfonts/cm/cmmi5.pfb></usr/local/texlive/2021/texmf-dist/fonts/
type1/public/amsfonts/cm/cmmi7.pfb></usr/local/texlive/2021/texmf-dist/fonts/typ
e1/public/amsfonts/cm/cmr10.pfb></usr/local/texlive/2021/texmf-dist/fonts/type1/
public/amsfonts/cm/cmr5.pfb></usr/local/texlive/2021/texmf-dist/fonts/type1/publ
ic/amsfonts/cm/cmr7.pfb></usr/local/texlive/2021/texmf-dist/fonts/type1/public/a
msfonts/cm/cmss10.pfb></usr/local/texlive/2021/texmf-dist/fonts/type1/public/ams
fonts/cm/cmss8.pfb></usr/local/texlive/2021/texmf-dist/fonts/type1/public/amsfon
ts/cm/cmsy10.pfb></usr/local/texlive/2021/texmf-dist/fonts/type1/public/amsfonts
/cm/cmsy5.pfb></usr/local/texlive/2021/texmf-dist/fonts/type1/public/amsfonts/cm
/cmsy7.pfb></usr/local/texlive/2021/texmf-dist/fonts/type1/public/doublestroke/d
srom10.pfb></usr/local/texlive/2021/texmf-dist/fonts/type1/public/amsfonts/euler
/eusm10.pfb></usr/local/texlive/2021/texmf-dist/fonts/type1/public/amsfonts/eule
r/eusm7.pfb></usr/local/texlive/2021/texmf-dist/fonts/type1/public/hfbright/hfbr
mb10.pfb></usr/local/texlive/2021/texmf-dist/fonts/type1/public/lm/lmbx10.pfb></
usr/local/texlive/2021/texmf-dist/fonts/type1/public/lm/lmbx12.pfb></usr/local/t
exlive/2021/texmf-dist/fonts/type1/public/lm/lmr10.pfb></usr/local/texlive/2021/
texmf-dist/fonts/type1/public/lm/lmr12.pfb></usr/local/texlive/2021/texmf-dist/f
onts/type1/public/lm/lmr17.pfb></usr/local/texlive/2021/texmf-dist/fonts/type1/p
ublic/lm/lmr6.pfb></usr/local/texlive/2021/texmf-dist/fonts/type1/public/lm/lmr7
.pfb></usr/local/texlive/2021/texmf-dist/fonts/type1/public/lm/lmr8.pfb></usr/lo
cal/texlive/2021/texmf-dist/fonts/type1/public/lm/lmri10.pfb></usr/local/texlive
/2021/texmf-dist/fonts/type1/public/lm/lmro10.pfb></usr/local/texlive/2021/texmf
-dist/fonts/type1/public/lm/lmtt10.pfb></usr/local/texlive/2021/texmf-dist/fonts
/type1/public/amsfonts/symbols/msbm10.pfb></usr/local/texlive/2021/texmf-dist/fo
nts/type1/public/amsfonts/symbols/msbm7.pfb></usr/local/texlive/2021/texmf-dist/
fonts/type1/public/stmaryrd/stmary10.pfb>
Output written on main.pdf (108 pages, 1013580 bytes).

PDF statistics: 1866 PDF objects out of 2073 (max. 8388607)
 1683 compressed objects within 17 object streams
 733 named destinations out of 1000 (max. 131072)
 520 words of extra memory for PDF output out of 10000 (max. 100000000)

