\BOOKMARK [0][-]{section*.2}{Acknowledgements}{}% 1
\BOOKMARK [0][-]{section*.3}{Abstract}{}% 2
\BOOKMARK [0][-]{chapter*.5}{List\040of\040Symbols}{}% 3
\BOOKMARK [0][-]{chapter.1}{Introduction}{}% 4
\BOOKMARK [1][-]{section.1.1}{Making\040decisions\040with\040data}{chapter.1}% 5
\BOOKMARK [1][-]{section.1.2}{Outlining\040our\040approach}{chapter.1}% 6
\BOOKMARK [0][-]{chapter.2}{Technical\040Prerequisites}{}% 7
\BOOKMARK [1][-]{section.2.1}{Probability\040Theory}{chapter.2}% 8
\BOOKMARK [1][-]{section.2.2}{String\040Diagrams}{chapter.2}% 9
\BOOKMARK [1][-]{section.2.3}{Probability\040Sets\040and\040Decision\040Models}{chapter.2}% 10
\BOOKMARK [1][-]{section.2.4}{Maximal\040probability\040sets\040and\040valid\040conditionals}{chapter.2}% 11
\BOOKMARK [1][-]{section.2.5}{Interpretation\040of\040probabilistic\040decision\040models}{chapter.2}% 12
\BOOKMARK [0][-]{chapter.3}{Models\040with\040choices\040and\040consequences}{}% 13
\BOOKMARK [1][-]{section.3.1}{What\040is\040the\040point\040of\040causal\040inference?}{chapter.3}% 14
\BOOKMARK [1][-]{section.3.2}{Modelling\040decision\040problems}{chapter.3}% 15
\BOOKMARK [1][-]{section.3.3}{Theories\040of\040decision\040making}{chapter.3}% 16
\BOOKMARK [1][-]{section.3.4}{Conclusion}{chapter.3}% 17
\BOOKMARK [0][-]{chapter.4}{Repeatable\040decision\040problems}{}% 18
\BOOKMARK [1][-]{section.4.1}{Previous\040work\040on\040causal\040symmetries}{chapter.4}% 19
\BOOKMARK [1][-]{section.4.2}{Response\040functions}{chapter.4}% 20
\BOOKMARK [1][-]{section.4.3}{Symmetries}{chapter.4}% 21
\BOOKMARK [1][-]{section.4.4}{Discussion}{chapter.4}% 22
\BOOKMARK [1][-]{section.4.5}{Data-dependent\040inputs}{chapter.4}% 23
\BOOKMARK [1][-]{section.4.6}{Discussion}{chapter.4}% 24
\BOOKMARK [0][-]{chapter.5}{Causal\040modelling\040with\040decision\040models}{}% 25
\BOOKMARK [1][-]{section.5.1}{Causal\040Bayesian\040networks}{chapter.5}% 26
\BOOKMARK [1][-]{section.5.2}{Potential\040Outcomes\040models}{chapter.5}% 27
\BOOKMARK [1][-]{section.5.3}{Conclusion}{chapter.5}% 28
\BOOKMARK [0][-]{chapter.6}{Conclusion}{}% 29
\BOOKMARK [0][-]{chapter*.31}{Bibliography}{}% 30
\BOOKMARK [0][-]{appendix.A}{Axiomatisation\040of\040decision\040theories}{}% 31
\BOOKMARK [1][-]{section.A.1}{Savage\040axioms}{appendix.A}% 32
\BOOKMARK [1][-]{section.A.2}{Bolker\040axioms}{appendix.A}% 33
\BOOKMARK [0][-]{appendix.B}{Proofs\040of\040key\040results\040in\040Chapter\0404}{}% 34
\BOOKMARK [1][-]{section.B.1}{IO\040Contractibility}{appendix.B}% 35
\BOOKMARK [1][-]{section.B.2}{Tabulated\040conditional\040distributions}{appendix.B}% 36
\BOOKMARK [1][-]{section.B.3}{Representation\040of\040IO\040contractible\040models}{appendix.B}% 37
\BOOKMARK [1][-]{section.B.4}{Symmetries\040of\040CIIR\040sequences\040proofs}{appendix.B}% 38
\BOOKMARK [1][-]{section.B.5}{Proofs\040for\040data-dependent\040models}{appendix.B}% 39
\BOOKMARK [0][-]{appendix.C}{Proofs\040of\040key\040results\040in\040Chapter\0405}{}% 40
\BOOKMARK [1][-]{section.C.1}{Proofs\040related\040to\040causal\040Bayesian\040networks}{appendix.C}% 41
\BOOKMARK [1][-]{section.C.2}{Proofs\040related\040to\040precedent}{appendix.C}% 42
